Flow report for Asphalt
Wed Dec 15 19:09:49 2021
Quartus Prime Version 18.1.0 Build 625 09/12/2018 SJ Lite Edition


---------------------
; Table of Contents ;
---------------------
  1. Legal Notice
  2. Flow Summary
  3. Flow Settings
  4. Flow Non-Default Global Settings
  5. Flow Elapsed Time
  6. Flow OS Summary
  7. Flow Log
  8. Flow Messages
  9. Flow Suppressed Messages



----------------
; Legal Notice ;
----------------
Copyright (C) 2018  Intel Corporation. All rights reserved.
Your use of Intel Corporation's design tools, logic functions 
and other software and tools, and its AMPP partner logic 
functions, and any output files from any of the foregoing 
(including device programming or simulation files), and any 
associated documentation or information are expressly subject 
to the terms and conditions of the Intel Program License 
Subscription Agreement, the Intel Quartus Prime License Agreement,
the Intel FPGA IP License Agreement, or other applicable license
agreement, including, without limitation, that your use is for
the sole purpose of programming logic devices manufactured by
Intel and sold by Intel or its authorized distributors.  Please
refer to the applicable agreement for further details.



+----------------------------------------------------------------------------------+
; Flow Summary                                                                     ;
+------------------------------------+---------------------------------------------+
; Flow Status                        ; Successful - Wed Dec 15 19:09:49 2021       ;
; Quartus Prime Version              ; 18.1.0 Build 625 09/12/2018 SJ Lite Edition ;
; Revision Name                      ; Asphalt                                     ;
; Top-level Entity Name              ; Asphalt_gametop                             ;
; Family                             ; MAX 10                                      ;
; Device                             ; 10M50DAF484C7G                              ;
; Timing Models                      ; Final                                       ;
; Total logic elements               ; 5,663 / 49,760 ( 11 % )                     ;
;     Total combinational functions  ; 5,020 / 49,760 ( 10 % )                     ;
;     Dedicated logic registers      ; 2,642 / 49,760 ( 5 % )                      ;
; Total registers                    ; 2711                                        ;
; Total pins                         ; 141 / 360 ( 39 % )                          ;
; Total virtual pins                 ; 0                                           ;
; Total memory bits                  ; 994,304 / 1,677,312 ( 59 % )                ;
; Embedded Multiplier 9-bit elements ; 0 / 288 ( 0 % )                             ;
; Total PLLs                         ; 1 / 4 ( 25 % )                              ;
; UFM blocks                         ; 0 / 1 ( 0 % )                               ;
; ADC blocks                         ; 0 / 2 ( 0 % )                               ;
+------------------------------------+---------------------------------------------+


+-----------------------------------------+
; Flow Settings                           ;
+-------------------+---------------------+
; Option            ; Setting             ;
+-------------------+---------------------+
; Start date & time ; 12/15/2021 19:07:56 ;
; Main task         ; Compilation         ;
; Revision Name     ; Asphalt             ;
+-------------------+---------------------+


+------------------------------------------------------------------------------------------------------------------------------------------------------+
; Flow Non-Default Global Settings                                                                                                                     ;
+-------------------------------------+-----------------------------------------------------------+---------------+-------------------+----------------+
; Assignment Name                     ; Value                                                     ; Default Value ; Entity Name       ; Section Id     ;
+-------------------------------------+-----------------------------------------------------------+---------------+-------------------+----------------+
; COMPILER_SIGNATURE_ID               ; 929343747270.163961687515868                              ; --            ; --                ; --             ;
; EDA_OUTPUT_DATA_FORMAT              ; Systemverilog Hdl                                         ; --            ; --                ; eda_simulation ;
; EDA_SIMULATION_TOOL                 ; ModelSim-Altera (SystemVerilog)                           ; <None>        ; --                ; --             ;
; EDA_TIME_SCALE                      ; 1 ps                                                      ; --            ; --                ; eda_simulation ;
; FLOW_ENABLE_POWER_ANALYZER          ; On                                                        ; Off           ; --                ; --             ;
; MAX_CORE_JUNCTION_TEMP              ; 85                                                        ; --            ; --                ; --             ;
; MIN_CORE_JUNCTION_TEMP              ; 0                                                         ; --            ; --                ; --             ;
; MISC_FILE                           ; Asphalt/synthesis/../Asphalt.cmp                          ; --            ; --                ; --             ;
; MISC_FILE                           ; Asphalt/synthesis/../../Asphalt.qsys                      ; --            ; --                ; --             ;
; MISC_FILE                           ; car_ram_bb.v                                              ; --            ; --                ; --             ;
; OUTPUT_IO_TIMING_FAR_END_VMEAS      ; Half Signal Swing                                         ; --            ; --                ; --             ;
; OUTPUT_IO_TIMING_FAR_END_VMEAS      ; Half Signal Swing                                         ; --            ; --                ; --             ;
; OUTPUT_IO_TIMING_NEAR_END_VMEAS     ; Half Vccio                                                ; --            ; --                ; --             ;
; OUTPUT_IO_TIMING_NEAR_END_VMEAS     ; Half Vccio                                                ; --            ; --                ; --             ;
; PARTITION_COLOR                     ; -- (Not supported for targeted family)                    ; --            ; Asphalt_gametop   ; Top            ;
; PARTITION_COLOR                     ; -- (Not supported for targeted family)                    ; --            ; DE10_LITE_Default ; Top            ;
; PARTITION_FITTER_PRESERVATION_LEVEL ; -- (Not supported for targeted family)                    ; --            ; Asphalt_gametop   ; Top            ;
; PARTITION_FITTER_PRESERVATION_LEVEL ; -- (Not supported for targeted family)                    ; --            ; DE10_LITE_Default ; Top            ;
; PARTITION_NETLIST_TYPE              ; -- (Not supported for targeted family)                    ; --            ; Asphalt_gametop   ; Top            ;
; PARTITION_NETLIST_TYPE              ; -- (Not supported for targeted family)                    ; --            ; DE10_LITE_Default ; Top            ;
; POWER_BOARD_THERMAL_MODEL           ; None (CONSERVATIVE)                                       ; --            ; --                ; --             ;
; POWER_DEFAULT_INPUT_IO_TOGGLE_RATE  ; 12.5 %                                                    ; 12.5%         ; --                ; --             ;
; POWER_PRESET_COOLING_SOLUTION       ; 23 MM HEAT SINK WITH 200 LFPM AIRFLOW                     ; --            ; --                ; --             ;
; PROJECT_OUTPUT_DIRECTORY            ; output_files                                              ; --            ; --                ; --             ;
; SLD_FILE                            ; Asphalt/synthesis/Asphalt.regmap                          ; --            ; --                ; --             ;
; SLD_FILE                            ; Asphalt/synthesis/Asphalt.debuginfo                       ; --            ; --                ; --             ;
; SLD_INFO                            ; QSYS_NAME Asphalt HAS_SOPCINFO 1 GENERATION_ID 1639115147 ; --            ; --                ; --             ;
; SOPCINFO_FILE                       ; Asphalt/synthesis/../../Asphalt.sopcinfo                  ; --            ; --                ; --             ;
; SYNTHESIS_ONLY_QIP                  ; On                                                        ; --            ; --                ; --             ;
; TOP_LEVEL_ENTITY                    ; Asphalt_gametop                                           ; Asphalt       ; --                ; --             ;
+-------------------------------------+-----------------------------------------------------------+---------------+-------------------+----------------+


+--------------------------------------------------------------------------------------------------------------------------+
; Flow Elapsed Time                                                                                                        ;
+----------------------+--------------+-------------------------+---------------------+------------------------------------+
; Module Name          ; Elapsed Time ; Average Processors Used ; Peak Virtual Memory ; Total CPU Time (on all processors) ;
+----------------------+--------------+-------------------------+---------------------+------------------------------------+
; Analysis & Synthesis ; 00:00:49     ; 1.0                     ; 5014 MB             ; 00:01:03                           ;
; Fitter               ; 00:00:31     ; 1.5                     ; 5870 MB             ; 00:00:58                           ;
; Assembler            ; 00:00:04     ; 1.0                     ; 4714 MB             ; 00:00:04                           ;
; Power Analyzer       ; 00:00:10     ; 1.6                     ; 4959 MB             ; 00:00:15                           ;
; Timing Analyzer      ; 00:00:07     ; 2.2                     ; 4928 MB             ; 00:00:12                           ;
; EDA Netlist Writer   ; 00:00:03     ; 1.0                     ; 4752 MB             ; 00:00:03                           ;
; Total                ; 00:01:44     ; --                      ; --                  ; 00:02:35                           ;
+----------------------+--------------+-------------------------+---------------------+------------------------------------+


+------------------------------------------------------------------------------------+
; Flow OS Summary                                                                    ;
+----------------------+------------------+------------+------------+----------------+
; Module Name          ; Machine Hostname ; OS Name    ; OS Version ; Processor type ;
+----------------------+------------------+------------+------------+----------------+
; Analysis & Synthesis ; ENIAC            ; Windows 10 ; 10.0       ; x86_64         ;
; Fitter               ; ENIAC            ; Windows 10 ; 10.0       ; x86_64         ;
; Assembler            ; ENIAC            ; Windows 10 ; 10.0       ; x86_64         ;
; Power Analyzer       ; ENIAC            ; Windows 10 ; 10.0       ; x86_64         ;
; Timing Analyzer      ; ENIAC            ; Windows 10 ; 10.0       ; x86_64         ;
; EDA Netlist Writer   ; ENIAC            ; Windows 10 ; 10.0       ; x86_64         ;
+----------------------+------------------+------------+------------+----------------+


------------
; Flow Log ;
------------
quartus_map --read_settings_files=on --write_settings_files=off Asphalt -c Asphalt
quartus_fit --read_settings_files=off --write_settings_files=off Asphalt -c Asphalt
quartus_asm --read_settings_files=off --write_settings_files=off Asphalt -c Asphalt
quartus_pow --read_settings_files=off --write_settings_files=off Asphalt -c Asphalt
quartus_sta Asphalt -c Asphalt
quartus_eda --read_settings_files=off --write_settings_files=off Asphalt -c Asphalt



