Flow report for PolePostion
Fri Nov 19 04:55:16 2021
Quartus Prime Version 18.1.0 Build 625 09/12/2018 SJ Lite Edition


---------------------
; Table of Contents ;
---------------------
  1. Legal Notice
  2. Flow Summary
  3. Flow Settings
  4. Flow Non-Default Global Settings
  5. Flow Elapsed Time
  6. Flow OS Summary
  7. Flow Log
  8. Flow Messages
  9. Flow Suppressed Messages



----------------
; Legal Notice ;
----------------
Copyright (C) 2018  Intel Corporation. All rights reserved.
Your use of Intel Corporation's design tools, logic functions 
and other software and tools, and its AMPP partner logic 
functions, and any output files from any of the foregoing 
(including device programming or simulation files), and any 
associated documentation or information are expressly subject 
to the terms and conditions of the Intel Program License 
Subscription Agreement, the Intel Quartus Prime License Agreement,
the Intel FPGA IP License Agreement, or other applicable license
agreement, including, without limitation, that your use is for
the sole purpose of programming logic devices manufactured by
Intel and sold by Intel or its authorized distributors.  Please
refer to the applicable agreement for further details.



+----------------------------------------------------------------------------------+
; Flow Summary                                                                     ;
+------------------------------------+---------------------------------------------+
; Flow Status                        ; Successful - Fri Nov 19 04:55:16 2021       ;
; Quartus Prime Version              ; 18.1.0 Build 625 09/12/2018 SJ Lite Edition ;
; Revision Name                      ; PolePostion                                 ;
; Top-level Entity Name              ; PolePosition                                ;
; Family                             ; MAX 10                                      ;
; Device                             ; 10M50DAF484C7G                              ;
; Timing Models                      ; Final                                       ;
; Total logic elements               ; 4,349 / 49,760 ( 9 % )                      ;
;     Total combinational functions  ; 3,636 / 49,760 ( 7 % )                      ;
;     Dedicated logic registers      ; 2,746 / 49,760 ( 6 % )                      ;
; Total registers                    ; 2815                                        ;
; Total pins                         ; 141 / 360 ( 39 % )                          ;
; Total virtual pins                 ; 0                                           ;
; Total memory bits                  ; 26,624 / 1,677,312 ( 2 % )                  ;
; Embedded Multiplier 9-bit elements ; 0 / 288 ( 0 % )                             ;
; Total PLLs                         ; 1 / 4 ( 25 % )                              ;
; UFM blocks                         ; 0 / 1 ( 0 % )                               ;
; ADC blocks                         ; 0 / 2 ( 0 % )                               ;
+------------------------------------+---------------------------------------------+


+-----------------------------------------+
; Flow Settings                           ;
+-------------------+---------------------+
; Option            ; Setting             ;
+-------------------+---------------------+
; Start date & time ; 11/19/2021 04:53:55 ;
; Main task         ; Compilation         ;
; Revision Name     ; PolePostion         ;
+-------------------+---------------------+


+--------------------------------------------------------------------------------------------------------------------------------------------------------------+
; Flow Non-Default Global Settings                                                                                                                             ;
+-------------------------------------+-------------------------------------------------------------------+---------------+-------------------+----------------+
; Assignment Name                     ; Value                                                             ; Default Value ; Entity Name       ; Section Id     ;
+-------------------------------------+-------------------------------------------------------------------+---------------+-------------------+----------------+
; COMPILER_SIGNATURE_ID               ; 929343747270.163731923517668                                      ; --            ; --                ; --             ;
; EDA_OUTPUT_DATA_FORMAT              ; Systemverilog Hdl                                                 ; --            ; --                ; eda_simulation ;
; EDA_SIMULATION_TOOL                 ; ModelSim-Altera (SystemVerilog)                                   ; <None>        ; --                ; --             ;
; EDA_TIME_SCALE                      ; 1 ps                                                              ; --            ; --                ; eda_simulation ;
; MAX_CORE_JUNCTION_TEMP              ; 85                                                                ; --            ; --                ; --             ;
; MIN_CORE_JUNCTION_TEMP              ; 0                                                                 ; --            ; --                ; --             ;
; MISC_FILE                           ; PolePositionsoc/synthesis/../PolePositionsoc.cmp                  ; --            ; --                ; --             ;
; MISC_FILE                           ; PolePositionsoc/synthesis/../../PolePositionsoc.qsys              ; --            ; --                ; --             ;
; MISC_FILE                           ; mem_v1_bb.v                                                       ; --            ; --                ; --             ;
; PARTITION_COLOR                     ; -- (Not supported for targeted family)                            ; --            ; DE10_LITE_Default ; Top            ;
; PARTITION_COLOR                     ; -- (Not supported for targeted family)                            ; --            ; PolePosition      ; Top            ;
; PARTITION_FITTER_PRESERVATION_LEVEL ; -- (Not supported for targeted family)                            ; --            ; DE10_LITE_Default ; Top            ;
; PARTITION_FITTER_PRESERVATION_LEVEL ; -- (Not supported for targeted family)                            ; --            ; PolePosition      ; Top            ;
; PARTITION_NETLIST_TYPE              ; -- (Not supported for targeted family)                            ; --            ; DE10_LITE_Default ; Top            ;
; PARTITION_NETLIST_TYPE              ; -- (Not supported for targeted family)                            ; --            ; PolePosition      ; Top            ;
; POWER_BOARD_THERMAL_MODEL           ; None (CONSERVATIVE)                                               ; --            ; --                ; --             ;
; POWER_PRESET_COOLING_SOLUTION       ; 23 MM HEAT SINK WITH 200 LFPM AIRFLOW                             ; --            ; --                ; --             ;
; PROJECT_OUTPUT_DIRECTORY            ; output_files                                                      ; --            ; --                ; --             ;
; SLD_FILE                            ; PolePositionsoc/synthesis/PolePositionsoc.regmap                  ; --            ; --                ; --             ;
; SLD_FILE                            ; PolePositionsoc/synthesis/PolePositionsoc.debuginfo               ; --            ; --                ; --             ;
; SLD_INFO                            ; QSYS_NAME PolePositionsoc HAS_SOPCINFO 1 GENERATION_ID 1637319191 ; --            ; PolePositionsoc   ; --             ;
; SOPCINFO_FILE                       ; PolePositionsoc/synthesis/../../PolePositionsoc.sopcinfo          ; --            ; --                ; --             ;
; SYNTHESIS_ONLY_QIP                  ; On                                                                ; --            ; --                ; --             ;
; TOP_LEVEL_ENTITY                    ; PolePosition                                                      ; PolePostion   ; --                ; --             ;
+-------------------------------------+-------------------------------------------------------------------+---------------+-------------------+----------------+


+--------------------------------------------------------------------------------------------------------------------------+
; Flow Elapsed Time                                                                                                        ;
+----------------------+--------------+-------------------------+---------------------+------------------------------------+
; Module Name          ; Elapsed Time ; Average Processors Used ; Peak Virtual Memory ; Total CPU Time (on all processors) ;
+----------------------+--------------+-------------------------+---------------------+------------------------------------+
; Analysis & Synthesis ; 00:00:37     ; 1.0                     ; 5008 MB             ; 00:00:54                           ;
; Fitter               ; 00:00:26     ; 1.4                     ; 5843 MB             ; 00:00:48                           ;
; Assembler            ; 00:00:03     ; 1.0                     ; 4701 MB             ; 00:00:03                           ;
; Timing Analyzer      ; 00:00:06     ; 2.0                     ; 4909 MB             ; 00:00:10                           ;
; EDA Netlist Writer   ; 00:00:02     ; 1.0                     ; 4727 MB             ; 00:00:03                           ;
; Total                ; 00:01:14     ; --                      ; --                  ; 00:01:58                           ;
+----------------------+--------------+-------------------------+---------------------+------------------------------------+


+------------------------------------------------------------------------------------+
; Flow OS Summary                                                                    ;
+----------------------+------------------+------------+------------+----------------+
; Module Name          ; Machine Hostname ; OS Name    ; OS Version ; Processor type ;
+----------------------+------------------+------------+------------+----------------+
; Analysis & Synthesis ; ENIAC            ; Windows 10 ; 10.0       ; x86_64         ;
; Fitter               ; ENIAC            ; Windows 10 ; 10.0       ; x86_64         ;
; Assembler            ; ENIAC            ; Windows 10 ; 10.0       ; x86_64         ;
; Timing Analyzer      ; ENIAC            ; Windows 10 ; 10.0       ; x86_64         ;
; EDA Netlist Writer   ; ENIAC            ; Windows 10 ; 10.0       ; x86_64         ;
+----------------------+------------------+------------+------------+----------------+


------------
; Flow Log ;
------------
quartus_map --read_settings_files=on --write_settings_files=off PolePostion -c PolePostion
quartus_fit --read_settings_files=off --write_settings_files=off PolePostion -c PolePostion
quartus_asm --read_settings_files=off --write_settings_files=off PolePostion -c PolePostion
quartus_sta PolePostion -c PolePostion
quartus_eda --read_settings_files=off --write_settings_files=off PolePostion -c PolePostion



